<?xml version="1.0" encoding="UTF-8"?>
<!-- Generated by org.testng.reporters.JUnitReportReporter -->
<testsuite hostname="Omika" failures="0" tests="5" name="com.TestNG.integration.ParallalExcution" time="3.061" errors="0" timestamp="2024-11-06T09:16:16 IST" skipped="0">
  <testcase classname="com.TestNG.integration.ParallalExcution" name="FifthTestCases" time="0.042"/>
  <testcase classname="com.TestNG.integration.ParallalExcution" name="ThirdTestCases" time="0.003"/>
  <testcase classname="com.TestNG.integration.ParallalExcution" name="SecondTestCases" time="3.009"/>
  <testcase classname="com.TestNG.integration.ParallalExcution" name="FirstTestCases" time="0.003"/>
  <testcase classname="com.TestNG.integration.ParallalExcution" name="ForthTestCases" time="0.004"/>
</testsuite> <!-- com.TestNG.integration.ParallalExcution -->
