<?xml version="1.0" encoding="UTF-8"?>
<!-- Generated by org.testng.reporters.JUnitReportReporter -->
<testsuite hostname="Omika" failures="0" tests="4" name="com.TestNG.integration.DataProviderParalla" time="22.097" errors="0" timestamp="2024-11-05T12:06:30 IST" skipped="0">
  <testcase classname="com.TestNG.integration.DataProviderParalla" name="testDataProvider" time="6.524"/>
  <testcase classname="com.TestNG.integration.DataProviderParalla" name="testDataProvider" time="6.569"/>
  <testcase classname="com.TestNG.integration.DataProviderParalla" name="testDataProviderWithName" time="2.910"/>
  <testcase classname="com.TestNG.integration.DataProviderParalla" name="testDataProviderWithName" time="6.094"/>
</testsuite> <!-- com.TestNG.integration.DataProviderParalla -->
