<?xml version="1.0" encoding="UTF-8"?>
<!-- Generated by org.testng.reporters.JUnitReportReporter -->
<testsuite hostname="Omika" failures="0" tests="4" name="com.TestNG.integration.DataProviderParalla" time="25.429" errors="1" timestamp="2024-11-05T12:48:07 IST" skipped="0">
  <testcase classname="com.TestNG.integration.DataProviderParalla" name="testDataProvider" time="8.478">
    <error message="Keys to send should be a not null CharSequence" type="java.lang.IllegalArgumentException">
      <![CDATA[java.lang.IllegalArgumentException: Keys to send should be a not null CharSequence
at org.openqa.selenium.remote.RemoteWebElement.sendKeys(RemoteWebElement.java:97)
at com.TestNG.integration.DataProviderParalla.testDataProvider(DataProviderParalla.java:34)
at java.base/jdk.internal.reflect.DirectMethodHandleAccessor.invoke(DirectMethodHandleAccessor.java:103)
at java.base/java.lang.reflect.Method.invoke(Method.java:580)
at org.testng.internal.invokers.MethodInvocationHelper.invokeMethod(MethodInvocationHelper.java:139)
at org.testng.internal.invokers.TestInvoker.invokeMethod(TestInvoker.java:664)
at org.testng.internal.invokers.TestInvoker.invokeTestMethod(TestInvoker.java:228)
at org.testng.internal.invokers.TestMethodWithDataProviderMethodWorker.call(TestMethodWithDataProviderMethodWorker.java:80)
at java.base/java.util.concurrent.CompletableFuture$AsyncSupply.run(CompletableFuture.java:1812)
at java.base/java.util.concurrent.ThreadPoolExecutor.runWorker(ThreadPoolExecutor.java:1144)
at java.base/java.util.concurrent.ThreadPoolExecutor$Worker.run(ThreadPoolExecutor.java:642)
at java.base/java.lang.Thread.run(Thread.java:1575)
]]>
    </error>
  </testcase> <!-- testDataProvider -->
  <testcase classname="com.TestNG.integration.DataProviderParalla" name="testDataProviderWithName" time="3.569"/>
  <testcase classname="com.TestNG.integration.DataProviderParalla" name="testDataProviderWithName" time="4.145"/>
  <testcase classname="com.TestNG.integration.DataProviderParalla" name="testDataProvider" time="9.237"/>
</testsuite> <!-- com.TestNG.integration.DataProviderParalla -->
