<?xml version="1.0" encoding="UTF-8"?>
<!-- Generated by org.testng.reporters.JUnitReportReporter -->
<testsuite hostname="Omika" failures="0" tests="5" name="com.TestNG.integration.ParallalExcution" time="3.031" errors="0" timestamp="2024-11-05T12:48:07 IST" skipped="0">
  <testcase classname="com.TestNG.integration.ParallalExcution" name="ThirdTestCases" time="0.004"/>
  <testcase classname="com.TestNG.integration.ParallalExcution" name="SecondTestCases" time="3.003"/>
  <testcase classname="com.TestNG.integration.ParallalExcution" name="FifthTestCases" time="0.018"/>
  <testcase classname="com.TestNG.integration.ParallalExcution" name="FirstTestCases" time="0.002"/>
  <testcase classname="com.TestNG.integration.ParallalExcution" name="ForthTestCases" time="0.004"/>
</testsuite> <!-- com.TestNG.integration.ParallalExcution -->
